<?xml version="1.0" encoding="UTF-8"?>
<!-- Generated by org.testng.reporters.JUnitXMLReporter -->
<testsuite ignored="0" hostname="DESKTOP-14EKDV9" failures="0" tests="8" name="Surefire test" time="10.569" errors="0" timestamp="2020-11-01T01:32:58 WAT">
  <testcase classname="tn.esprit.spring.repositoryTest.EmployeRepositoryTest" name="getSalaireMoyenByDepartementIdTest on getSalaireMoyenByDepartementIdTest(tn.esprit.spring.repositoryTest.EmployeRepositoryTest)" time="9.543"/>
  <testcase classname="tn.esprit.spring.repositoryTest.EmployeRepositoryTest" name="employeNamesTest on employeNamesTest(tn.esprit.spring.repositoryTest.EmployeRepositoryTest)" time="9.58"/>
  <testcase classname="tn.esprit.spring.repositoryTest.EmployeRepositoryTest" name="getAllEmployeByEntreprisecTest on getAllEmployeByEntreprisecTest(tn.esprit.spring.repositoryTest.EmployeRepositoryTest)" time="9.684"/>
  <testcase classname="tn.esprit.spring.repositoryTest.EmployeRepositoryTest" name="countempTest on countempTest(tn.esprit.spring.repositoryTest.EmployeRepositoryTest)" time="9.716"/>
  <testcase classname="tn.esprit.spring.repositoryTest.EmployeRepositoryTest" name="getSalaireByEmployeIdJPQLTest on getSalaireByEmployeIdJPQLTest(tn.esprit.spring.repositoryTest.EmployeRepositoryTest)" time="9.762"/>
  <testcase classname="tn.esprit.spring.repositoryTest.EmployeRepositoryTest" name="ajouterEmployerTest on ajouterEmployerTest(tn.esprit.spring.repositoryTest.EmployeRepositoryTest)" time="9.784"/>
  <testcase classname="tn.esprit.spring.repositoryTest.EmployeRepositoryTest" name="mettreAjourEmailByEmployeIdJPQLTest on mettreAjourEmailByEmployeIdJPQLTest(tn.esprit.spring.repositoryTest.EmployeRepositoryTest)" time="9.824"/>
  <testcase classname="tn.esprit.spring.repositoryTest.EmployeRepositoryTest" name="deleteAllContratJPQLTest on deleteAllContratJPQLTest(tn.esprit.spring.repositoryTest.EmployeRepositoryTest)" time="9.891"/>
</testsuite> <!-- Surefire test -->
